2014-11-24 10:30:16.213 [Worker-3] INFO    com.objectaid.uml.model.manage.DiagramManager getFactories: com.objectaid.uml.diagramFactories[ucls]: com.objectaid.uml.cls.model.ClassDiagramFactory@2dae2cd
2014-11-24 10:30:16.713 [pool-1-thread-1] INFO    com.objectaid.uml.model.manage.LanguageElementManager getLanguageElementFactories: com.objectaid.uml.languageElementFactories: com.objectaid.uml.java.JavaElementFactory
2014-11-24 10:30:17.377 [pool-1-thread-1] INFO    com.objectaid.uml.util.extend.ExecutableExtensionManager loadExtensions: found com.objectaid.uml.renderFormats="com.objectaid.uml.render.RasterRenderFormat" class="com.objectaid.uml.render.RasterRenderFormat" name="PNG" extension="png" antialias="true" format="5" 
2014-11-24 10:30:17.380 [pool-1-thread-1] INFO    com.objectaid.uml.util.extend.ExecutableExtensionManager loadExtensions: found com.objectaid.uml.renderFormats="com.objectaid.uml.render.RasterRenderFormat" class="com.objectaid.uml.render.RasterRenderFormat" name="JPEG" extension="jpg" antialias="true" format="4" 
2014-11-24 10:30:17.382 [pool-1-thread-1] INFO    com.objectaid.uml.util.extend.ExecutableExtensionManager loadExtensions: found com.objectaid.uml.renderFormats="com.objectaid.uml.render.IndexedRasterRenderFormat" class="com.objectaid.uml.render.IndexedRasterRenderFormat" name="GIF" extension="gif" antialias="false" format="2" 
2014-11-24 10:30:17.401 [pool-1-thread-1] WARNING com.objectaid.uml.java.JavaRelationshipCandidateFactory createIdentifier: Cannot find type 'java.util.List' referenced by '/ToDoList/com.example.todolist.ToDoList'.
java.lang.Throwable: Cannot find type 'java.util.List' referenced by '/ToDoList/com.example.todolist.ToDoList'.
	at com.objectaid.uml.java.JavaRelationshipCandidateFactory.createIdentifier(JavaRelationshipCandidateFactory.java:54)
	at com.objectaid.uml.java.AssociationCandidateFactory.addCandidates(AssociationCandidateFactory.java:136)
	at com.objectaid.uml.java.AssociationCandidateFactory.createCandidates(AssociationCandidateFactory.java:77)
	at com.objectaid.uml.model.impl.RelationshipCandidateFactory.getCandidates(RelationshipCandidateFactory.java:54)
	at com.objectaid.uml.cls.model.RelationshipFactory.getCandidates(RelationshipFactory.java:245)
	at com.objectaid.uml.cls.model.definition.RelationshipDefinition.validateEnd(RelationshipDefinition.java:91)
	at com.objectaid.uml.cls.model.definition.AssociationDefinition.validateEnd(AssociationDefinition.java:131)
	at com.objectaid.uml.cls.model.definition.AssociationDefinition.validateEnd(AssociationDefinition.java:32)
	at com.objectaid.uml.cls.model.definition.RelationshipDefinition.doConnect(RelationshipDefinition.java:64)
	at com.objectaid.uml.cls.model.definition.RelationshipDefinition.doConnect(RelationshipDefinition.java:35)
	at com.objectaid.uml.model.definition.ModelDefinition.connect(ModelDefinition.java:228)
	at com.objectaid.uml.model.persistence.UnmarshalDiagramVisitor.doVisit(UnmarshalDiagramVisitor.java:75)
	at com.objectaid.uml.model.persistence.UnmarshalDiagramVisitor.doVisit(UnmarshalDiagramVisitor.java:26)
	at com.objectaid.uml.util.collection.GenericVisitor.visit(GenericVisitor.java:40)
	at com.objectaid.uml.model.persistence.PersistedConnection.accept(PersistedConnection.java:39)
	at com.objectaid.uml.model.persistence.PersistedDiagram.accept(PersistedDiagram.java:45)
	at com.objectaid.uml.model.diagram.DiagramFactory.unmarshal(DiagramFactory.java:243)
	at com.objectaid.uml.model.DiagramHandle.unmarshalModel(DiagramHandle.java:206)
	at com.objectaid.uml.model.DiagramHandle.unmarshal(DiagramHandle.java:155)
	at com.objectaid.uml.model.manage.DiagramManager.add(DiagramManager.java:104)
	at com.objectaid.uml.model.manage.StartupJob$2.run(StartupJob.java:83)
	at java.util.concurrent.ThreadPoolExecutor.runWorker(Unknown Source)
	at java.util.concurrent.ThreadPoolExecutor$Worker.run(Unknown Source)
	at java.lang.Thread.run(Unknown Source)

2014-11-24 10:30:17.407 [pool-1-thread-1] WARNING com.objectaid.uml.java.JavaRelationshipCandidateFactory createIdentifier: Cannot find type 'android.widget.ListView' referenced by '/ToDoList/com.example.todolist.MainActivity'.
java.lang.Throwable: Cannot find type 'android.widget.ListView' referenced by '/ToDoList/com.example.todolist.MainActivity'.
	at com.objectaid.uml.java.JavaRelationshipCandidateFactory.createIdentifier(JavaRelationshipCandidateFactory.java:54)
	at com.objectaid.uml.java.AssociationCandidateFactory.addCandidates(AssociationCandidateFactory.java:136)
	at com.objectaid.uml.java.AssociationCandidateFactory.createCandidates(AssociationCandidateFactory.java:77)
	at com.objectaid.uml.model.impl.RelationshipCandidateFactory.getCandidates(RelationshipCandidateFactory.java:54)
	at com.objectaid.uml.cls.model.RelationshipFactory.getCandidates(RelationshipFactory.java:245)
	at com.objectaid.uml.cls.model.definition.RelationshipDefinition.validateEnd(RelationshipDefinition.java:91)
	at com.objectaid.uml.cls.model.definition.AssociationDefinition.validateEnd(AssociationDefinition.java:131)
	at com.objectaid.uml.cls.model.definition.AssociationDefinition.validateEnd(AssociationDefinition.java:32)
	at com.objectaid.uml.cls.model.definition.RelationshipDefinition.doConnect(RelationshipDefinition.java:64)
	at com.objectaid.uml.cls.model.definition.RelationshipDefinition.doConnect(RelationshipDefinition.java:35)
	at com.objectaid.uml.model.definition.ModelDefinition.connect(ModelDefinition.java:228)
	at com.objectaid.uml.model.persistence.UnmarshalDiagramVisitor.doVisit(UnmarshalDiagramVisitor.java:75)
	at com.objectaid.uml.model.persistence.UnmarshalDiagramVisitor.doVisit(UnmarshalDiagramVisitor.java:26)
	at com.objectaid.uml.util.collection.GenericVisitor.visit(GenericVisitor.java:40)
	at com.objectaid.uml.model.persistence.PersistedConnection.accept(PersistedConnection.java:39)
	at com.objectaid.uml.model.persistence.PersistedDiagram.accept(PersistedDiagram.java:45)
	at com.objectaid.uml.model.diagram.DiagramFactory.unmarshal(DiagramFactory.java:243)
	at com.objectaid.uml.model.DiagramHandle.unmarshalModel(DiagramHandle.java:206)
	at com.objectaid.uml.model.DiagramHandle.unmarshal(DiagramHandle.java:155)
	at com.objectaid.uml.model.manage.DiagramManager.add(DiagramManager.java:104)
	at com.objectaid.uml.model.manage.StartupJob$2.run(StartupJob.java:83)
	at java.util.concurrent.ThreadPoolExecutor.runWorker(Unknown Source)
	at java.util.concurrent.ThreadPoolExecutor$Worker.run(Unknown Source)
	at java.lang.Thread.run(Unknown Source)

2014-11-24 10:30:17.408 [pool-1-thread-1] WARNING com.objectaid.uml.java.JavaRelationshipCandidateFactory createIdentifier: Cannot find type 'java.util.List' referenced by '/ToDoList/com.example.todolist.MainActivity'.
java.lang.Throwable: Cannot find type 'java.util.List' referenced by '/ToDoList/com.example.todolist.MainActivity'.
	at com.objectaid.uml.java.JavaRelationshipCandidateFactory.createIdentifier(JavaRelationshipCandidateFactory.java:54)
	at com.objectaid.uml.java.AssociationCandidateFactory.addCandidates(AssociationCandidateFactory.java:136)
	at com.objectaid.uml.java.AssociationCandidateFactory.createCandidates(AssociationCandidateFactory.java:77)
	at com.objectaid.uml.model.impl.RelationshipCandidateFactory.getCandidates(RelationshipCandidateFactory.java:54)
	at com.objectaid.uml.cls.model.RelationshipFactory.getCandidates(RelationshipFactory.java:245)
	at com.objectaid.uml.cls.model.definition.RelationshipDefinition.validateEnd(RelationshipDefinition.java:91)
	at com.objectaid.uml.cls.model.definition.AssociationDefinition.validateEnd(AssociationDefinition.java:131)
	at com.objectaid.uml.cls.model.definition.AssociationDefinition.validateEnd(AssociationDefinition.java:32)
	at com.objectaid.uml.cls.model.definition.RelationshipDefinition.doConnect(RelationshipDefinition.java:64)
	at com.objectaid.uml.cls.model.definition.RelationshipDefinition.doConnect(RelationshipDefinition.java:35)
	at com.objectaid.uml.model.definition.ModelDefinition.connect(ModelDefinition.java:228)
	at com.objectaid.uml.model.persistence.UnmarshalDiagramVisitor.doVisit(UnmarshalDiagramVisitor.java:75)
	at com.objectaid.uml.model.persistence.UnmarshalDiagramVisitor.doVisit(UnmarshalDiagramVisitor.java:26)
	at com.objectaid.uml.util.collection.GenericVisitor.visit(GenericVisitor.java:40)
	at com.objectaid.uml.model.persistence.PersistedConnection.accept(PersistedConnection.java:39)
	at com.objectaid.uml.model.persistence.PersistedDiagram.accept(PersistedDiagram.java:45)
	at com.objectaid.uml.model.diagram.DiagramFactory.unmarshal(DiagramFactory.java:243)
	at com.objectaid.uml.model.DiagramHandle.unmarshalModel(DiagramHandle.java:206)
	at com.objectaid.uml.model.DiagramHandle.unmarshal(DiagramHandle.java:155)
	at com.objectaid.uml.model.manage.DiagramManager.add(DiagramManager.java:104)
	at com.objectaid.uml.model.manage.StartupJob$2.run(StartupJob.java:83)
	at java.util.concurrent.ThreadPoolExecutor.runWorker(Unknown Source)
	at java.util.concurrent.ThreadPoolExecutor$Worker.run(Unknown Source)
	at java.lang.Thread.run(Unknown Source)

2014-11-24 10:30:17.414 [pool-1-thread-1] WARNING com.objectaid.uml.java.JavaRelationshipCandidateFactory createIdentifier: Cannot find type 'android.widget.AdapterView.OnItemClickListener' referenced by '/ToDoList/com.example.todolist.MainActivity'.
java.lang.Throwable: Cannot find type 'android.widget.AdapterView.OnItemClickListener' referenced by '/ToDoList/com.example.todolist.MainActivity'.
	at com.objectaid.uml.java.JavaRelationshipCandidateFactory.createIdentifier(JavaRelationshipCandidateFactory.java:54)
	at com.objectaid.uml.java.AssociationCandidateFactory.addCandidates(AssociationCandidateFactory.java:136)
	at com.objectaid.uml.java.AssociationCandidateFactory.createCandidates(AssociationCandidateFactory.java:77)
	at com.objectaid.uml.model.impl.RelationshipCandidateFactory.getCandidates(RelationshipCandidateFactory.java:54)
	at com.objectaid.uml.cls.model.RelationshipFactory.getCandidates(RelationshipFactory.java:245)
	at com.objectaid.uml.cls.model.definition.RelationshipDefinition.validateEnd(RelationshipDefinition.java:91)
	at com.objectaid.uml.cls.model.definition.AssociationDefinition.validateEnd(AssociationDefinition.java:131)
	at com.objectaid.uml.cls.model.definition.AssociationDefinition.validateEnd(AssociationDefinition.java:32)
	at com.objectaid.uml.cls.model.definition.RelationshipDefinition.doConnect(RelationshipDefinition.java:64)
	at com.objectaid.uml.cls.model.definition.RelationshipDefinition.doConnect(RelationshipDefinition.java:35)
	at com.objectaid.uml.model.definition.ModelDefinition.connect(ModelDefinition.java:228)
	at com.objectaid.uml.model.persistence.UnmarshalDiagramVisitor.doVisit(UnmarshalDiagramVisitor.java:75)
	at com.objectaid.uml.model.persistence.UnmarshalDiagramVisitor.doVisit(UnmarshalDiagramVisitor.java:26)
	at com.objectaid.uml.util.collection.GenericVisitor.visit(GenericVisitor.java:40)
	at com.objectaid.uml.model.persistence.PersistedConnection.accept(PersistedConnection.java:39)
	at com.objectaid.uml.model.persistence.PersistedDiagram.accept(PersistedDiagram.java:45)
	at com.objectaid.uml.model.diagram.DiagramFactory.unmarshal(DiagramFactory.java:243)
	at com.objectaid.uml.model.DiagramHandle.unmarshalModel(DiagramHandle.java:206)
	at com.objectaid.uml.model.DiagramHandle.unmarshal(DiagramHandle.java:155)
	at com.objectaid.uml.model.manage.DiagramManager.add(DiagramManager.java:104)
	at com.objectaid.uml.model.manage.StartupJob$2.run(StartupJob.java:83)
	at java.util.concurrent.ThreadPoolExecutor.runWorker(Unknown Source)
	at java.util.concurrent.ThreadPoolExecutor$Worker.run(Unknown Source)
	at java.lang.Thread.run(Unknown Source)

2014-11-24 10:30:17.419 [pool-1-thread-1] WARNING com.objectaid.uml.java.JavaRelationshipCandidateFactory createIdentifier: Cannot find type 'android.database.sqlite.SQLiteDatabase' referenced by '/ToDoList/com.example.todolist.TasksDAO'.
java.lang.Throwable: Cannot find type 'android.database.sqlite.SQLiteDatabase' referenced by '/ToDoList/com.example.todolist.TasksDAO'.
	at com.objectaid.uml.java.JavaRelationshipCandidateFactory.createIdentifier(JavaRelationshipCandidateFactory.java:54)
	at com.objectaid.uml.java.AssociationCandidateFactory.addCandidates(AssociationCandidateFactory.java:136)
	at com.objectaid.uml.java.AssociationCandidateFactory.createCandidates(AssociationCandidateFactory.java:77)
	at com.objectaid.uml.model.impl.RelationshipCandidateFactory.getCandidates(RelationshipCandidateFactory.java:54)
	at com.objectaid.uml.cls.model.RelationshipFactory.getCandidates(RelationshipFactory.java:245)
	at com.objectaid.uml.cls.model.definition.RelationshipDefinition.validateEnd(RelationshipDefinition.java:91)
	at com.objectaid.uml.cls.model.definition.AssociationDefinition.validateEnd(AssociationDefinition.java:131)
	at com.objectaid.uml.cls.model.definition.AssociationDefinition.validateEnd(AssociationDefinition.java:32)
	at com.objectaid.uml.cls.model.definition.RelationshipDefinition.doConnect(RelationshipDefinition.java:64)
	at com.objectaid.uml.cls.model.definition.RelationshipDefinition.doConnect(RelationshipDefinition.java:35)
	at com.objectaid.uml.model.definition.ModelDefinition.connect(ModelDefinition.java:228)
	at com.objectaid.uml.model.persistence.UnmarshalDiagramVisitor.doVisit(UnmarshalDiagramVisitor.java:75)
	at com.objectaid.uml.model.persistence.UnmarshalDiagramVisitor.doVisit(UnmarshalDiagramVisitor.java:26)
	at com.objectaid.uml.util.collection.GenericVisitor.visit(GenericVisitor.java:40)
	at com.objectaid.uml.model.persistence.PersistedConnection.accept(PersistedConnection.java:39)
	at com.objectaid.uml.model.persistence.PersistedDiagram.accept(PersistedDiagram.java:45)
	at com.objectaid.uml.model.diagram.DiagramFactory.unmarshal(DiagramFactory.java:243)
	at com.objectaid.uml.model.DiagramHandle.unmarshalModel(DiagramHandle.java:206)
	at com.objectaid.uml.model.DiagramHandle.unmarshal(DiagramHandle.java:155)
	at com.objectaid.uml.model.manage.DiagramManager.add(DiagramManager.java:104)
	at com.objectaid.uml.model.manage.StartupJob$2.run(StartupJob.java:83)
	at java.util.concurrent.ThreadPoolExecutor.runWorker(Unknown Source)
	at java.util.concurrent.ThreadPoolExecutor$Worker.run(Unknown Source)
	at java.lang.Thread.run(Unknown Source)

2014-11-24 10:30:17.427 [pool-1-thread-1] WARNING com.objectaid.uml.java.JavaRelationshipCandidateFactory createIdentifier: Cannot find type 'String' referenced by '/ToDoList/com.example.todolist.TasksDAO'.
java.lang.Throwable: Cannot find type 'String' referenced by '/ToDoList/com.example.todolist.TasksDAO'.
	at com.objectaid.uml.java.JavaRelationshipCandidateFactory.createIdentifier(JavaRelationshipCandidateFactory.java:54)
	at com.objectaid.uml.java.AssociationCandidateFactory.addCandidates(AssociationCandidateFactory.java:136)
	at com.objectaid.uml.java.AssociationCandidateFactory.createCandidates(AssociationCandidateFactory.java:77)
	at com.objectaid.uml.model.impl.RelationshipCandidateFactory.getCandidates(RelationshipCandidateFactory.java:54)
	at com.objectaid.uml.cls.model.RelationshipFactory.getCandidates(RelationshipFactory.java:245)
	at com.objectaid.uml.cls.model.definition.RelationshipDefinition.validateEnd(RelationshipDefinition.java:91)
	at com.objectaid.uml.cls.model.definition.AssociationDefinition.validateEnd(AssociationDefinition.java:131)
	at com.objectaid.uml.cls.model.definition.AssociationDefinition.validateEnd(AssociationDefinition.java:32)
	at com.objectaid.uml.cls.model.definition.RelationshipDefinition.doConnect(RelationshipDefinition.java:64)
	at com.objectaid.uml.cls.model.definition.RelationshipDefinition.doConnect(RelationshipDefinition.java:35)
	at com.objectaid.uml.model.definition.ModelDefinition.connect(ModelDefinition.java:228)
	at com.objectaid.uml.model.persistence.UnmarshalDiagramVisitor.doVisit(UnmarshalDiagramVisitor.java:75)
	at com.objectaid.uml.model.persistence.UnmarshalDiagramVisitor.doVisit(UnmarshalDiagramVisitor.java:26)
	at com.objectaid.uml.util.collection.GenericVisitor.visit(GenericVisitor.java:40)
	at com.objectaid.uml.model.persistence.PersistedConnection.accept(PersistedConnection.java:39)
	at com.objectaid.uml.model.persistence.PersistedDiagram.accept(PersistedDiagram.java:45)
	at com.objectaid.uml.model.diagram.DiagramFactory.unmarshal(DiagramFactory.java:243)
	at com.objectaid.uml.model.DiagramHandle.unmarshalModel(DiagramHandle.java:206)
	at com.objectaid.uml.model.DiagramHandle.unmarshal(DiagramHandle.java:155)
	at com.objectaid.uml.model.manage.DiagramManager.add(DiagramManager.java:104)
	at com.objectaid.uml.model.manage.StartupJob$2.run(StartupJob.java:83)
	at java.util.concurrent.ThreadPoolExecutor.runWorker(Unknown Source)
	at java.util.concurrent.ThreadPoolExecutor$Worker.run(Unknown Source)
	at java.lang.Thread.run(Unknown Source)

2014-11-24 10:30:17.430 [pool-1-thread-1] WARNING com.objectaid.uml.java.JavaRelationshipCandidateFactory createIdentifier: Cannot find type 'String' referenced by '/ToDoList/com.example.todolist.Task'.
java.lang.Throwable: Cannot find type 'String' referenced by '/ToDoList/com.example.todolist.Task'.
	at com.objectaid.uml.java.JavaRelationshipCandidateFactory.createIdentifier(JavaRelationshipCandidateFactory.java:54)
	at com.objectaid.uml.java.AssociationCandidateFactory.addCandidates(AssociationCandidateFactory.java:136)
	at com.objectaid.uml.java.AssociationCandidateFactory.createCandidates(AssociationCandidateFactory.java:77)
	at com.objectaid.uml.model.impl.RelationshipCandidateFactory.getCandidates(RelationshipCandidateFactory.java:54)
	at com.objectaid.uml.cls.model.RelationshipFactory.getCandidates(RelationshipFactory.java:245)
	at com.objectaid.uml.cls.model.definition.RelationshipDefinition.validateEnd(RelationshipDefinition.java:91)
	at com.objectaid.uml.cls.model.definition.AssociationDefinition.validateEnd(AssociationDefinition.java:131)
	at com.objectaid.uml.cls.model.definition.AssociationDefinition.validateEnd(AssociationDefinition.java:32)
	at com.objectaid.uml.cls.model.definition.RelationshipDefinition.doConnect(RelationshipDefinition.java:65)
	at com.objectaid.uml.cls.model.definition.RelationshipDefinition.doConnect(RelationshipDefinition.java:35)
	at com.objectaid.uml.model.definition.ModelDefinition.connect(ModelDefinition.java:228)
	at com.objectaid.uml.model.persistence.UnmarshalDiagramVisitor.doVisit(UnmarshalDiagramVisitor.java:75)
	at com.objectaid.uml.model.persistence.UnmarshalDiagramVisitor.doVisit(UnmarshalDiagramVisitor.java:26)
	at com.objectaid.uml.util.collection.GenericVisitor.visit(GenericVisitor.java:40)
	at com.objectaid.uml.model.persistence.PersistedConnection.accept(PersistedConnection.java:39)
	at com.objectaid.uml.model.persistence.PersistedDiagram.accept(PersistedDiagram.java:45)
	at com.objectaid.uml.model.diagram.DiagramFactory.unmarshal(DiagramFactory.java:243)
	at com.objectaid.uml.model.DiagramHandle.unmarshalModel(DiagramHandle.java:206)
	at com.objectaid.uml.model.DiagramHandle.unmarshal(DiagramHandle.java:155)
	at com.objectaid.uml.model.manage.DiagramManager.add(DiagramManager.java:104)
	at com.objectaid.uml.model.manage.StartupJob$2.run(StartupJob.java:83)
	at java.util.concurrent.ThreadPoolExecutor.runWorker(Unknown Source)
	at java.util.concurrent.ThreadPoolExecutor$Worker.run(Unknown Source)
	at java.lang.Thread.run(Unknown Source)

2014-11-24 10:30:17.434 [pool-1-thread-1] WARNING com.objectaid.uml.java.JavaRelationshipCandidateFactory createIdentifier: Cannot find type 'String' referenced by '/ToDoList/com.example.todolist.Task'.
java.lang.Throwable: Cannot find type 'String' referenced by '/ToDoList/com.example.todolist.Task'.
	at com.objectaid.uml.java.JavaRelationshipCandidateFactory.createIdentifier(JavaRelationshipCandidateFactory.java:54)
	at com.objectaid.uml.java.AssociationCandidateFactory.addCandidates(AssociationCandidateFactory.java:136)
	at com.objectaid.uml.java.AssociationCandidateFactory.createCandidates(AssociationCandidateFactory.java:77)
	at com.objectaid.uml.model.impl.RelationshipCandidateFactory.getCandidates(RelationshipCandidateFactory.java:54)
	at com.objectaid.uml.cls.model.RelationshipFactory.getCandidates(RelationshipFactory.java:245)
	at com.objectaid.uml.cls.model.definition.RelationshipDefinition.validateEnd(RelationshipDefinition.java:91)
	at com.objectaid.uml.cls.model.definition.AssociationDefinition.validateEnd(AssociationDefinition.java:131)
	at com.objectaid.uml.cls.model.definition.AssociationDefinition.validateEnd(AssociationDefinition.java:32)
	at com.objectaid.uml.cls.model.definition.RelationshipDefinition.doConnect(RelationshipDefinition.java:65)
	at com.objectaid.uml.cls.model.definition.RelationshipDefinition.doConnect(RelationshipDefinition.java:35)
	at com.objectaid.uml.model.definition.ModelDefinition.connect(ModelDefinition.java:228)
	at com.objectaid.uml.model.persistence.UnmarshalDiagramVisitor.doVisit(UnmarshalDiagramVisitor.java:75)
	at com.objectaid.uml.model.persistence.UnmarshalDiagramVisitor.doVisit(UnmarshalDiagramVisitor.java:26)
	at com.objectaid.uml.util.collection.GenericVisitor.visit(GenericVisitor.java:40)
	at com.objectaid.uml.model.persistence.PersistedConnection.accept(PersistedConnection.java:39)
	at com.objectaid.uml.model.persistence.PersistedDiagram.accept(PersistedDiagram.java:45)
	at com.objectaid.uml.model.diagram.DiagramFactory.unmarshal(DiagramFactory.java:243)
	at com.objectaid.uml.model.DiagramHandle.unmarshalModel(DiagramHandle.java:206)
	at com.objectaid.uml.model.DiagramHandle.unmarshal(DiagramHandle.java:155)
	at com.objectaid.uml.model.manage.DiagramManager.add(DiagramManager.java:104)
	at com.objectaid.uml.model.manage.StartupJob$2.run(StartupJob.java:83)
	at java.util.concurrent.ThreadPoolExecutor.runWorker(Unknown Source)
	at java.util.concurrent.ThreadPoolExecutor$Worker.run(Unknown Source)
	at java.lang.Thread.run(Unknown Source)

